<?xml version="1.0" encoding="UTF-8"?>
<testng-results ignored="0" total="1" passed="1" failed="0" skipped="0">
  <reporter-output>
  </reporter-output>
  <suite started-at="2026-01-17T22:38:58 IST" name="Suite" finished-at="2026-01-17T22:39:08 IST" duration-ms="10656">
    <groups>
    </groups>
    <test started-at="2026-01-17T22:38:58 IST" name="Test" finished-at="2026-01-17T22:39:08 IST" duration-ms="10656">
      <class name="tests.OrderTest">
        <test-method is-config="true" signature="setUp()[pri:0, instance:tests.OrderTest@712625fd]" started-at="2026-01-17T22:38:58 IST" name="setUp" finished-at="2026-01-17T22:38:59 IST" duration-ms="1793" status="PASS">
          <reporter-output>
          </reporter-output>
        </test-method> <!-- setUp -->
        <test-method signature="placeOrderTest()[pri:1, instance:tests.OrderTest@712625fd]" started-at="2026-01-17T22:38:59 IST" name="placeOrderTest" finished-at="2026-01-17T22:39:08 IST" duration-ms="8725" status="PASS">
          <reporter-output>
          </reporter-output>
        </test-method> <!-- placeOrderTest -->
        <test-method is-config="true" signature="tearDown()[pri:0, instance:tests.OrderTest@712625fd]" started-at="2026-01-17T22:39:08 IST" name="tearDown" finished-at="2026-01-17T22:39:08 IST" duration-ms="101" status="PASS">
          <reporter-output>
          </reporter-output>
        </test-method> <!-- tearDown -->
      </class> <!-- tests.OrderTest -->
    </test> <!-- Test -->
  </suite> <!-- Suite -->
</testng-results>
